
*** Running vivado
    with args -log showCPU.vds -m64 -mode batch -messageDb vivado.pb -notrace -source showCPU.tcl


****** Vivado v2015.4 (64-bit)
  **** SW Build 1412921 on Wed Nov 18 09:43:45 MST 2015
  **** IP Build 1412160 on Tue Nov 17 13:47:24 MST 2015
    ** Copyright 1986-2015 Xilinx, Inc. All Rights Reserved.

source showCPU.tcl -notrace
Command: synth_design -top showCPU -part xc7a35tcpg236-1
Starting synth_design
Attempting to get a license for feature 'Synthesis' and/or device 'xc7a35t'
INFO: [Common 17-349] Got license for feature 'Synthesis' and/or device 'xc7a35t'
---------------------------------------------------------------------------------
Starting RTL Elaboration : Time (s): cpu = 00:00:05 ; elapsed = 00:00:07 . Memory (MB): peak = 286.816 ; gain = 114.895
---------------------------------------------------------------------------------
INFO: [Synth 8-638] synthesizing module 'showCPU' [C:/Users/czh/Desktop/CPU/code/FPGA/CPUBasys_SINGLE.srcs/sources_1/new/showCPU.v:23]
INFO: [Synth 8-638] synthesizing module 'Debounce' [C:/Users/czh/Desktop/CPU/code/FPGA/CPUBasys_SINGLE.srcs/sources_1/new/Debounce.v:23]
INFO: [Synth 8-256] done synthesizing module 'Debounce' (1#1) [C:/Users/czh/Desktop/CPU/code/FPGA/CPUBasys_SINGLE.srcs/sources_1/new/Debounce.v:23]
INFO: [Synth 8-638] synthesizing module 'SingleCycleCPUBasys' [C:/Users/czh/Desktop/CPU/code/FPGA/CPUBasys_SINGLE.srcs/sources_1/new/SingleCycleCPUBasys.v:23]
INFO: [Synth 8-638] synthesizing module 'pcAdd' [C:/Users/czh/Desktop/CPU/code/FPGA/CPUBasys_SINGLE.srcs/sources_1/new/pcAdd.v:23]
INFO: [Synth 8-256] done synthesizing module 'pcAdd' (2#1) [C:/Users/czh/Desktop/CPU/code/FPGA/CPUBasys_SINGLE.srcs/sources_1/new/pcAdd.v:23]
INFO: [Synth 8-638] synthesizing module 'PC' [C:/Users/czh/Desktop/CPU/code/FPGA/CPUBasys_SINGLE.srcs/sources_1/new/PC.v:23]
INFO: [Synth 8-256] done synthesizing module 'PC' (3#1) [C:/Users/czh/Desktop/CPU/code/FPGA/CPUBasys_SINGLE.srcs/sources_1/new/PC.v:23]
INFO: [Synth 8-638] synthesizing module 'InsMEM' [C:/Users/czh/Desktop/CPU/code/FPGA/CPUBasys_SINGLE.srcs/sources_1/new/InsMEM.v:24]
INFO: [Synth 8-3876] $readmem data file 'C://Users//czh//Desktop//CPU//code//FPGA//romData.txt' is read successfully [C:/Users/czh/Desktop/CPU/code/FPGA/CPUBasys_SINGLE.srcs/sources_1/new/InsMEM.v:35]
INFO: [Synth 8-256] done synthesizing module 'InsMEM' (4#1) [C:/Users/czh/Desktop/CPU/code/FPGA/CPUBasys_SINGLE.srcs/sources_1/new/InsMEM.v:24]
INFO: [Synth 8-638] synthesizing module 'InstructionCut' [C:/Users/czh/Desktop/CPU/code/FPGA/CPUBasys_SINGLE.srcs/sources_1/new/InstructionCut.v:23]
INFO: [Synth 8-256] done synthesizing module 'InstructionCut' (5#1) [C:/Users/czh/Desktop/CPU/code/FPGA/CPUBasys_SINGLE.srcs/sources_1/new/InstructionCut.v:23]
INFO: [Synth 8-638] synthesizing module 'ControlUnit' [C:/Users/czh/Desktop/CPU/code/FPGA/CPUBasys_SINGLE.srcs/sources_1/new/ControlUnit.v:23]
INFO: [Synth 8-155] case statement is not full and has no default [C:/Users/czh/Desktop/CPU/code/FPGA/CPUBasys_SINGLE.srcs/sources_1/new/ControlUnit.v:57]
INFO: [Synth 8-256] done synthesizing module 'ControlUnit' (6#1) [C:/Users/czh/Desktop/CPU/code/FPGA/CPUBasys_SINGLE.srcs/sources_1/new/ControlUnit.v:23]
INFO: [Synth 8-638] synthesizing module 'RegisterFile' [C:/Users/czh/Desktop/CPU/code/FPGA/CPUBasys_SINGLE.srcs/sources_1/new/RegisterFile.v:23]
INFO: [Synth 8-256] done synthesizing module 'RegisterFile' (7#1) [C:/Users/czh/Desktop/CPU/code/FPGA/CPUBasys_SINGLE.srcs/sources_1/new/RegisterFile.v:23]
INFO: [Synth 8-638] synthesizing module 'ALU' [C:/Users/czh/Desktop/CPU/code/FPGA/CPUBasys_SINGLE.srcs/sources_1/new/ALU.v:23]
WARNING: [Synth 8-567] referenced signal 'sa' should be on the sensitivity list [C:/Users/czh/Desktop/CPU/code/FPGA/CPUBasys_SINGLE.srcs/sources_1/new/ALU.v:38]
WARNING: [Synth 8-567] referenced signal 'extend' should be on the sensitivity list [C:/Users/czh/Desktop/CPU/code/FPGA/CPUBasys_SINGLE.srcs/sources_1/new/ALU.v:38]
INFO: [Synth 8-256] done synthesizing module 'ALU' (8#1) [C:/Users/czh/Desktop/CPU/code/FPGA/CPUBasys_SINGLE.srcs/sources_1/new/ALU.v:23]
INFO: [Synth 8-638] synthesizing module 'DataMEM' [C:/Users/czh/Desktop/CPU/code/FPGA/CPUBasys_SINGLE.srcs/sources_1/new/DataMEM.v:24]
WARNING: [Synth 8-4767] Trying to implement RAM 'ram_reg' in registers. Block RAM or DRAM implementation is not possible; see log for reasons.
Reason is one or more of the following :
	1: RAM has multiple writes via different ports in same process. If RAM inferencing intended, write to one port per process. 
	2: Unable to determine number of words or word size in RAM. 
RAM "ram_reg" dissolved into registers
INFO: [Synth 8-256] done synthesizing module 'DataMEM' (9#1) [C:/Users/czh/Desktop/CPU/code/FPGA/CPUBasys_SINGLE.srcs/sources_1/new/DataMEM.v:24]
INFO: [Synth 8-638] synthesizing module 'SignZeroExtend' [C:/Users/czh/Desktop/CPU/code/FPGA/CPUBasys_SINGLE.srcs/sources_1/new/SignZeroExtend.v:23]
INFO: [Synth 8-256] done synthesizing module 'SignZeroExtend' (10#1) [C:/Users/czh/Desktop/CPU/code/FPGA/CPUBasys_SINGLE.srcs/sources_1/new/SignZeroExtend.v:23]
INFO: [Synth 8-256] done synthesizing module 'SingleCycleCPUBasys' (11#1) [C:/Users/czh/Desktop/CPU/code/FPGA/CPUBasys_SINGLE.srcs/sources_1/new/SingleCycleCPUBasys.v:23]
INFO: [Synth 8-226] default block is never used [C:/Users/czh/Desktop/CPU/code/FPGA/CPUBasys_SINGLE.srcs/sources_1/new/showCPU.v:144]
INFO: [Synth 8-256] done synthesizing module 'showCPU' (12#1) [C:/Users/czh/Desktop/CPU/code/FPGA/CPUBasys_SINGLE.srcs/sources_1/new/showCPU.v:23]
---------------------------------------------------------------------------------
Finished RTL Elaboration : Time (s): cpu = 00:00:06 ; elapsed = 00:00:08 . Memory (MB): peak = 324.004 ; gain = 152.082
---------------------------------------------------------------------------------

Report Check Netlist: 
+------+------------------+-------+---------+-------+------------------+
|      |Item              |Errors |Warnings |Status |Description       |
+------+------------------+-------+---------+-------+------------------+
|1     |multi_driven_nets |      0|        0|Passed |Multi driven nets |
+------+------------------+-------+---------+-------+------------------+
---------------------------------------------------------------------------------
Finished RTL Optimization Phase 1 : Time (s): cpu = 00:00:07 ; elapsed = 00:00:08 . Memory (MB): peak = 324.004 ; gain = 152.082
---------------------------------------------------------------------------------
INFO: [Device 21-403] Loading part xc7a35tcpg236-1
INFO: [Project 1-570] Preparing netlist for logic optimization

Processing XDC Constraints
Initializing timing engine
Parsing XDC File [C:/Users/czh/Desktop/CPU/code/FPGA/CPUBasys_SINGLE.srcs/constrs_1/new/cpu.xdc]
Finished Parsing XDC File [C:/Users/czh/Desktop/CPU/code/FPGA/CPUBasys_SINGLE.srcs/constrs_1/new/cpu.xdc]
INFO: [Project 1-236] Implementation specific constraints were found while reading constraint file [C:/Users/czh/Desktop/CPU/code/FPGA/CPUBasys_SINGLE.srcs/constrs_1/new/cpu.xdc]. These constraints will be ignored for synthesis but will be used in implementation. Impacted constraints are listed in the file [.Xil/showCPU_propImpl.xdc].
Resolution: To avoid this warning, move constraints listed in [.Xil/showCPU_propImpl.xdc] to another XDC file and exclude this new file from synthesis with the used_in_synthesis property (File Properties dialog in GUI) and re-run elaboration/synthesis.
Completed Processing XDC Constraints

INFO: [Project 1-111] Unisim Transformation Summary:
No Unisim elements were transformed.

Constraint Validation Runtime : Time (s): cpu = 00:00:00 ; elapsed = 00:00:00.016 . Memory (MB): peak = 610.395 ; gain = 0.000
---------------------------------------------------------------------------------
Finished Constraint Validation : Time (s): cpu = 00:00:13 ; elapsed = 00:00:15 . Memory (MB): peak = 610.395 ; gain = 438.473
---------------------------------------------------------------------------------
---------------------------------------------------------------------------------
Start Loading Part and Timing Information
---------------------------------------------------------------------------------
Loading part: xc7a35tcpg236-1
---------------------------------------------------------------------------------
Finished Loading Part and Timing Information : Time (s): cpu = 00:00:13 ; elapsed = 00:00:15 . Memory (MB): peak = 610.395 ; gain = 438.473
---------------------------------------------------------------------------------
---------------------------------------------------------------------------------
Start Applying 'set_property' XDC Constraints
---------------------------------------------------------------------------------
---------------------------------------------------------------------------------
Finished applying 'set_property' XDC Constraints : Time (s): cpu = 00:00:13 ; elapsed = 00:00:15 . Memory (MB): peak = 610.395 ; gain = 438.473
---------------------------------------------------------------------------------
INFO: [Synth 8-5546] ROM "rom" won't be mapped to RAM because it is too sparse
INFO: [Synth 8-5546] ROM "rom" won't be mapped to RAM because it is too sparse
INFO: [Synth 8-5546] ROM "rom" won't be mapped to RAM because it is too sparse
INFO: [Synth 8-5546] ROM "rom" won't be mapped to RAM because it is too sparse
INFO: [Synth 8-5546] ROM "PCWre0" won't be mapped to RAM because it is too sparse
INFO: [Synth 8-5546] ROM "mRD0" won't be mapped to RAM because it is too sparse
INFO: [Synth 8-5546] ROM "mWR0" won't be mapped to RAM because it is too sparse
INFO: [Synth 8-5546] ROM "ExtSel" won't be mapped to RAM because it is too sparse
INFO: [Synth 8-3537] HDL ADVISOR - The operator resource <adder> is shared. To prevent sharing consider applying a KEEP on the inputs of the operator [C:/Users/czh/Desktop/CPU/code/FPGA/CPUBasys_SINGLE.srcs/sources_1/new/ALU.v:43]
INFO: [Synth 8-5545] ROM "zero0" won't be mapped to RAM because address size (32) is larger than maximum supported(25)
WARNING: [Synth 8-327] inferring latch for variable 'IDataOut_reg' [C:/Users/czh/Desktop/CPU/code/FPGA/CPUBasys_SINGLE.srcs/sources_1/new/InsMEM.v:44]
WARNING: [Synth 8-327] inferring latch for variable 'IDataOut_reg' [C:/Users/czh/Desktop/CPU/code/FPGA/CPUBasys_SINGLE.srcs/sources_1/new/InsMEM.v:44]
WARNING: [Synth 8-327] inferring latch for variable 'IDataOut_reg' [C:/Users/czh/Desktop/CPU/code/FPGA/CPUBasys_SINGLE.srcs/sources_1/new/InsMEM.v:44]
WARNING: [Synth 8-327] inferring latch for variable 'IDataOut_reg' [C:/Users/czh/Desktop/CPU/code/FPGA/CPUBasys_SINGLE.srcs/sources_1/new/InsMEM.v:44]
WARNING: [Synth 8-327] inferring latch for variable 'ExtSel_reg' [C:/Users/czh/Desktop/CPU/code/FPGA/CPUBasys_SINGLE.srcs/sources_1/new/ControlUnit.v:61]
WARNING: [Synth 8-327] inferring latch for variable 'RegDst_reg' [C:/Users/czh/Desktop/CPU/code/FPGA/CPUBasys_SINGLE.srcs/sources_1/new/ControlUnit.v:62]
WARNING: [Synth 8-327] inferring latch for variable 'RegWre_reg' [C:/Users/czh/Desktop/CPU/code/FPGA/CPUBasys_SINGLE.srcs/sources_1/new/ControlUnit.v:63]
WARNING: [Synth 8-327] inferring latch for variable 'ALUSrcA_reg' [C:/Users/czh/Desktop/CPU/code/FPGA/CPUBasys_SINGLE.srcs/sources_1/new/ControlUnit.v:64]
WARNING: [Synth 8-327] inferring latch for variable 'ALUSrcB_reg' [C:/Users/czh/Desktop/CPU/code/FPGA/CPUBasys_SINGLE.srcs/sources_1/new/ControlUnit.v:65]
WARNING: [Synth 8-327] inferring latch for variable 'PCSrc_reg' [C:/Users/czh/Desktop/CPU/code/FPGA/CPUBasys_SINGLE.srcs/sources_1/new/ControlUnit.v:66]
WARNING: [Synth 8-327] inferring latch for variable 'ALUOp_reg' [C:/Users/czh/Desktop/CPU/code/FPGA/CPUBasys_SINGLE.srcs/sources_1/new/ControlUnit.v:67]
---------------------------------------------------------------------------------
Finished RTL Optimization Phase 2 : Time (s): cpu = 00:00:14 ; elapsed = 00:00:16 . Memory (MB): peak = 610.395 ; gain = 438.473
---------------------------------------------------------------------------------

Report RTL Partitions: 
+-+--------------+------------+----------+
| |RTL Partition |Replication |Instances |
+-+--------------+------------+----------+
+-+--------------+------------+----------+
---------------------------------------------------------------------------------
Start RTL Component Statistics 
---------------------------------------------------------------------------------
Detailed RTL Component Info : 
+---Adders : 
	   2 Input     32 Bit       Adders := 5     
	   3 Input     32 Bit       Adders := 1     
	   2 Input      5 Bit       Adders := 3     
+---XORs : 
	   2 Input     32 Bit         XORs := 1     
+---Registers : 
	               32 Bit    Registers := 1     
	                1 Bit    Registers := 3     
+---RAMs : 
	             1024 Bit         RAMs := 1     
+---Muxes : 
	   4 Input     32 Bit        Muxes := 1     
	   2 Input     32 Bit        Muxes := 4     
	   8 Input     32 Bit        Muxes := 1     
	   2 Input     16 Bit        Muxes := 1     
	 109 Input      8 Bit        Muxes := 4     
	   2 Input      8 Bit        Muxes := 96    
	  16 Input      7 Bit        Muxes := 1     
	   2 Input      5 Bit        Muxes := 1     
	   4 Input      4 Bit        Muxes := 2     
	   2 Input      4 Bit        Muxes := 12    
	  26 Input      3 Bit        Muxes := 1     
	   2 Input      2 Bit        Muxes := 3     
	  26 Input      2 Bit        Muxes := 1     
	   4 Input      1 Bit        Muxes := 1     
	  26 Input      1 Bit        Muxes := 6     
	   2 Input      1 Bit        Muxes := 1     
	   5 Input      1 Bit        Muxes := 32    
---------------------------------------------------------------------------------
Finished RTL Component Statistics 
---------------------------------------------------------------------------------
---------------------------------------------------------------------------------
Start RTL Hierarchical Component Statistics 
---------------------------------------------------------------------------------
Hierarchical RTL Component report 
Module showCPU 
Detailed RTL Component Info : 
+---Muxes : 
	  16 Input      7 Bit        Muxes := 1     
	   4 Input      4 Bit        Muxes := 2     
	   2 Input      4 Bit        Muxes := 12    
Module Debounce 
Detailed RTL Component Info : 
+---Registers : 
	                1 Bit    Registers := 3     
Module pcAdd 
Detailed RTL Component Info : 
+---Adders : 
	   2 Input     32 Bit       Adders := 2     
+---Muxes : 
	   4 Input     32 Bit        Muxes := 1     
	   4 Input      1 Bit        Muxes := 1     
Module PC 
Detailed RTL Component Info : 
+---Registers : 
	               32 Bit    Registers := 1     
Module InsMEM 
Detailed RTL Component Info : 
+---Adders : 
	   2 Input     32 Bit       Adders := 3     
+---Muxes : 
	 109 Input      8 Bit        Muxes := 4     
Module ControlUnit 
Detailed RTL Component Info : 
+---Muxes : 
	  26 Input      3 Bit        Muxes := 1     
	   2 Input      2 Bit        Muxes := 3     
	  26 Input      2 Bit        Muxes := 1     
	  26 Input      1 Bit        Muxes := 6     
	   2 Input      1 Bit        Muxes := 1     
Module RegisterFile 
Detailed RTL Component Info : 
+---RAMs : 
	             1024 Bit         RAMs := 1     
Module ALU 
Detailed RTL Component Info : 
+---Adders : 
	   3 Input     32 Bit       Adders := 1     
+---XORs : 
	   2 Input     32 Bit         XORs := 1     
+---Muxes : 
	   2 Input     32 Bit        Muxes := 2     
	   8 Input     32 Bit        Muxes := 1     
Module DataMEM 
Detailed RTL Component Info : 
+---Adders : 
	   2 Input      5 Bit       Adders := 3     
+---Muxes : 
	   2 Input     32 Bit        Muxes := 2     
	   2 Input      8 Bit        Muxes := 96    
	   5 Input      1 Bit        Muxes := 32    
Module SignZeroExtend 
Detailed RTL Component Info : 
+---Muxes : 
	   2 Input     16 Bit        Muxes := 1     
Module SingleCycleCPUBasys 
Detailed RTL Component Info : 
+---Muxes : 
	   2 Input      5 Bit        Muxes := 1     
---------------------------------------------------------------------------------
Finished RTL Hierarchical Component Statistics
---------------------------------------------------------------------------------
---------------------------------------------------------------------------------
Start Part Resource Summary
---------------------------------------------------------------------------------
Part Resources:
DSPs: 90 (col length:60)
BRAMs: 100 (col length: RAMB18 60 RAMB36 30)
---------------------------------------------------------------------------------
Finished Part Resource Summary
---------------------------------------------------------------------------------
Start Parallel Synthesis Optimization  : Time (s): cpu = 00:00:14 ; elapsed = 00:00:16 . Memory (MB): peak = 610.395 ; gain = 438.473
---------------------------------------------------------------------------------
Start Cross Boundary Optimization
---------------------------------------------------------------------------------
INFO: [Synth 8-5545] ROM "zero0" won't be mapped to RAM because address size (32) is larger than maximum supported(25)
---------------------------------------------------------------------------------
Finished Cross Boundary Optimization : Time (s): cpu = 00:00:15 ; elapsed = 00:00:17 . Memory (MB): peak = 610.395 ; gain = 438.473
---------------------------------------------------------------------------------
Finished Parallel Reinference  : Time (s): cpu = 00:00:15 ; elapsed = 00:00:17 . Memory (MB): peak = 610.395 ; gain = 438.473

Report RTL Partitions: 
+-+--------------+------------+----------+
| |RTL Partition |Replication |Instances |
+-+--------------+------------+----------+
+-+--------------+------------+----------+
---------------------------------------------------------------------------------
Start ROM, RAM, DSP and Shift Register Reporting
---------------------------------------------------------------------------------

Distributed RAM: 
+------------+--------------------------+-----------+----------------------+---------------+------------------------------------+
|Module Name | RTL Object               | Inference | Size (Depth x Width) | Primitives    | Hierarchical Name                  | 
+------------+--------------------------+-----------+----------------------+---------------+------------------------------------+
|showCPU     | RegisterFile/regFile_reg | Implied   | 32 x 32              | RAM32M x 12   | showCPU/SingleCycleCPUBasys/ram__1 | 
+------------+--------------------------+-----------+----------------------+---------------+------------------------------------+

Note: The table above shows the Distributed RAMs at the current stage of the synthesis flow. Some Distributed RAMs may be reimplemented as non Distributed RAM primitives later in the synthesis flow. Multiple instantiated RAMs are reported only once. "Hierarchical Name" reflects the Distributed RAM name as it appears in the hierarchical module and only part of it is displayed.
---------------------------------------------------------------------------------
Finished ROM, RAM, DSP and Shift Register Reporting
---------------------------------------------------------------------------------
---------------------------------------------------------------------------------
Start Area Optimization
---------------------------------------------------------------------------------
WARNING: [Synth 8-3332] Sequential element (\nextPC_reg[31] ) is unused and will be removed from module pcAdd.
WARNING: [Synth 8-3332] Sequential element (\nextPC_reg[30] ) is unused and will be removed from module pcAdd.
WARNING: [Synth 8-3332] Sequential element (\nextPC_reg[29] ) is unused and will be removed from module pcAdd.
WARNING: [Synth 8-3332] Sequential element (\nextPC_reg[28] ) is unused and will be removed from module pcAdd.
WARNING: [Synth 8-3332] Sequential element (\nextPC_reg[27] ) is unused and will be removed from module pcAdd.
WARNING: [Synth 8-3332] Sequential element (\nextPC_reg[26] ) is unused and will be removed from module pcAdd.
WARNING: [Synth 8-3332] Sequential element (\nextPC_reg[25] ) is unused and will be removed from module pcAdd.
WARNING: [Synth 8-3332] Sequential element (\nextPC_reg[24] ) is unused and will be removed from module pcAdd.
WARNING: [Synth 8-3332] Sequential element (\nextPC_reg[23] ) is unused and will be removed from module pcAdd.
WARNING: [Synth 8-3332] Sequential element (\nextPC_reg[22] ) is unused and will be removed from module pcAdd.
WARNING: [Synth 8-3332] Sequential element (\nextPC_reg[21] ) is unused and will be removed from module pcAdd.
WARNING: [Synth 8-3332] Sequential element (\nextPC_reg[20] ) is unused and will be removed from module pcAdd.
WARNING: [Synth 8-3332] Sequential element (\nextPC_reg[19] ) is unused and will be removed from module pcAdd.
WARNING: [Synth 8-3332] Sequential element (\nextPC_reg[18] ) is unused and will be removed from module pcAdd.
WARNING: [Synth 8-3332] Sequential element (\nextPC_reg[17] ) is unused and will be removed from module pcAdd.
WARNING: [Synth 8-3332] Sequential element (\nextPC_reg[16] ) is unused and will be removed from module pcAdd.
WARNING: [Synth 8-3332] Sequential element (\nextPC_reg[15] ) is unused and will be removed from module pcAdd.
WARNING: [Synth 8-3332] Sequential element (\nextPC_reg[14] ) is unused and will be removed from module pcAdd.
WARNING: [Synth 8-3332] Sequential element (\nextPC_reg[13] ) is unused and will be removed from module pcAdd.
WARNING: [Synth 8-3332] Sequential element (\nextPC_reg[12] ) is unused and will be removed from module pcAdd.
WARNING: [Synth 8-3332] Sequential element (\nextPC_reg[11] ) is unused and will be removed from module pcAdd.
WARNING: [Synth 8-3332] Sequential element (\nextPC_reg[10] ) is unused and will be removed from module pcAdd.
WARNING: [Synth 8-3332] Sequential element (\nextPC_reg[9] ) is unused and will be removed from module pcAdd.
WARNING: [Synth 8-3332] Sequential element (\nextPC_reg[8] ) is unused and will be removed from module pcAdd.
WARNING: [Synth 8-3332] Sequential element (\pc_reg[31] ) is unused and will be removed from module pcAdd.
WARNING: [Synth 8-3332] Sequential element (\pc_reg[30] ) is unused and will be removed from module pcAdd.
WARNING: [Synth 8-3332] Sequential element (\pc_reg[29] ) is unused and will be removed from module pcAdd.
WARNING: [Synth 8-3332] Sequential element (\pc_reg[28] ) is unused and will be removed from module pcAdd.
WARNING: [Synth 8-3332] Sequential element (\pc_reg[27] ) is unused and will be removed from module pcAdd.
WARNING: [Synth 8-3332] Sequential element (\pc_reg[26] ) is unused and will be removed from module pcAdd.
WARNING: [Synth 8-3332] Sequential element (\pc_reg[25] ) is unused and will be removed from module pcAdd.
WARNING: [Synth 8-3332] Sequential element (\pc_reg[24] ) is unused and will be removed from module pcAdd.
WARNING: [Synth 8-3332] Sequential element (\pc_reg[23] ) is unused and will be removed from module pcAdd.
WARNING: [Synth 8-3332] Sequential element (\pc_reg[22] ) is unused and will be removed from module pcAdd.
WARNING: [Synth 8-3332] Sequential element (\pc_reg[21] ) is unused and will be removed from module pcAdd.
WARNING: [Synth 8-3332] Sequential element (\pc_reg[20] ) is unused and will be removed from module pcAdd.
WARNING: [Synth 8-3332] Sequential element (\pc_reg[19] ) is unused and will be removed from module pcAdd.
WARNING: [Synth 8-3332] Sequential element (\pc_reg[18] ) is unused and will be removed from module pcAdd.
WARNING: [Synth 8-3332] Sequential element (\pc_reg[17] ) is unused and will be removed from module pcAdd.
WARNING: [Synth 8-3332] Sequential element (\pc_reg[16] ) is unused and will be removed from module pcAdd.
WARNING: [Synth 8-3332] Sequential element (\pc_reg[15] ) is unused and will be removed from module pcAdd.
WARNING: [Synth 8-3332] Sequential element (\pc_reg[14] ) is unused and will be removed from module pcAdd.
WARNING: [Synth 8-3332] Sequential element (\pc_reg[13] ) is unused and will be removed from module pcAdd.
WARNING: [Synth 8-3332] Sequential element (\pc_reg[12] ) is unused and will be removed from module pcAdd.
WARNING: [Synth 8-3332] Sequential element (\pc_reg[11] ) is unused and will be removed from module pcAdd.
WARNING: [Synth 8-3332] Sequential element (\pc_reg[10] ) is unused and will be removed from module pcAdd.
WARNING: [Synth 8-3332] Sequential element (\pc_reg[9] ) is unused and will be removed from module pcAdd.
WARNING: [Synth 8-3332] Sequential element (\pc_reg[8] ) is unused and will be removed from module pcAdd.
WARNING: [Synth 8-3332] Sequential element (\pc_reg[7] ) is unused and will be removed from module pcAdd.
WARNING: [Synth 8-3332] Sequential element (\pc_reg[6] ) is unused and will be removed from module pcAdd.
WARNING: [Synth 8-3332] Sequential element (\pc_reg[5] ) is unused and will be removed from module pcAdd.
WARNING: [Synth 8-3332] Sequential element (\pc_reg[4] ) is unused and will be removed from module pcAdd.
WARNING: [Synth 8-3332] Sequential element (\pc_reg[3] ) is unused and will be removed from module pcAdd.
WARNING: [Synth 8-3332] Sequential element (\pc_reg[2] ) is unused and will be removed from module pcAdd.
WARNING: [Synth 8-3332] Sequential element (\pc_reg[1] ) is unused and will be removed from module pcAdd.
WARNING: [Synth 8-3332] Sequential element (\pc_reg[0] ) is unused and will be removed from module pcAdd.
WARNING: [Synth 8-3332] Sequential element (\curPC_reg[31] ) is unused and will be removed from module PC.
WARNING: [Synth 8-3332] Sequential element (\curPC_reg[30] ) is unused and will be removed from module PC.
WARNING: [Synth 8-3332] Sequential element (\curPC_reg[29] ) is unused and will be removed from module PC.
WARNING: [Synth 8-3332] Sequential element (\curPC_reg[28] ) is unused and will be removed from module PC.
WARNING: [Synth 8-3332] Sequential element (\curPC_reg[27] ) is unused and will be removed from module PC.
WARNING: [Synth 8-3332] Sequential element (\curPC_reg[26] ) is unused and will be removed from module PC.
WARNING: [Synth 8-3332] Sequential element (\curPC_reg[25] ) is unused and will be removed from module PC.
WARNING: [Synth 8-3332] Sequential element (\curPC_reg[24] ) is unused and will be removed from module PC.
WARNING: [Synth 8-3332] Sequential element (\curPC_reg[23] ) is unused and will be removed from module PC.
WARNING: [Synth 8-3332] Sequential element (\curPC_reg[22] ) is unused and will be removed from module PC.
WARNING: [Synth 8-3332] Sequential element (\curPC_reg[21] ) is unused and will be removed from module PC.
WARNING: [Synth 8-3332] Sequential element (\curPC_reg[20] ) is unused and will be removed from module PC.
WARNING: [Synth 8-3332] Sequential element (\curPC_reg[19] ) is unused and will be removed from module PC.
WARNING: [Synth 8-3332] Sequential element (\curPC_reg[18] ) is unused and will be removed from module PC.
WARNING: [Synth 8-3332] Sequential element (\curPC_reg[17] ) is unused and will be removed from module PC.
WARNING: [Synth 8-3332] Sequential element (\curPC_reg[16] ) is unused and will be removed from module PC.
WARNING: [Synth 8-3332] Sequential element (\curPC_reg[15] ) is unused and will be removed from module PC.
WARNING: [Synth 8-3332] Sequential element (\curPC_reg[14] ) is unused and will be removed from module PC.
WARNING: [Synth 8-3332] Sequential element (\curPC_reg[13] ) is unused and will be removed from module PC.
WARNING: [Synth 8-3332] Sequential element (\curPC_reg[12] ) is unused and will be removed from module PC.
WARNING: [Synth 8-3332] Sequential element (\curPC_reg[11] ) is unused and will be removed from module PC.
WARNING: [Synth 8-3332] Sequential element (\curPC_reg[10] ) is unused and will be removed from module PC.
WARNING: [Synth 8-3332] Sequential element (\curPC_reg[9] ) is unused and will be removed from module PC.
WARNING: [Synth 8-3332] Sequential element (\curPC_reg[8] ) is unused and will be removed from module PC.
WARNING: [Synth 8-3332] Sequential element (\refresh_counter_reg[21] ) is unused and will be removed from module showCPU.
WARNING: [Synth 8-3332] Sequential element (\refresh_counter_reg[22] ) is unused and will be removed from module showCPU.
WARNING: [Synth 8-3332] Sequential element (\refresh_counter_reg[23] ) is unused and will be removed from module showCPU.
WARNING: [Synth 8-3332] Sequential element (\refresh_counter_reg[24] ) is unused and will be removed from module showCPU.
WARNING: [Synth 8-3332] Sequential element (\refresh_counter_reg[25] ) is unused and will be removed from module showCPU.
WARNING: [Synth 8-3332] Sequential element (\refresh_counter_reg[26] ) is unused and will be removed from module showCPU.
---------------------------------------------------------------------------------
Finished Area Optimization : Time (s): cpu = 00:00:20 ; elapsed = 00:00:23 . Memory (MB): peak = 610.395 ; gain = 438.473
---------------------------------------------------------------------------------
Finished Parallel Area Optimization  : Time (s): cpu = 00:00:20 ; elapsed = 00:00:23 . Memory (MB): peak = 610.395 ; gain = 438.473

Report RTL Partitions: 
+-+--------------+------------+----------+
| |RTL Partition |Replication |Instances |
+-+--------------+------------+----------+
+-+--------------+------------+----------+
---------------------------------------------------------------------------------
Start Timing Optimization
---------------------------------------------------------------------------------
---------------------------------------------------------------------------------
Start Applying XDC Timing Constraints
---------------------------------------------------------------------------------
---------------------------------------------------------------------------------
Finished Applying XDC Timing Constraints : Time (s): cpu = 00:00:29 ; elapsed = 00:00:31 . Memory (MB): peak = 616.730 ; gain = 444.809
---------------------------------------------------------------------------------
---------------------------------------------------------------------------------
Finished Timing Optimization : Time (s): cpu = 00:00:29 ; elapsed = 00:00:31 . Memory (MB): peak = 617.777 ; gain = 445.855
---------------------------------------------------------------------------------

Report RTL Partitions: 
+-+--------------+------------+----------+
| |RTL Partition |Replication |Instances |
+-+--------------+------------+----------+
+-+--------------+------------+----------+
---------------------------------------------------------------------------------
Start Technology Mapping
---------------------------------------------------------------------------------
WARNING: [Synth 8-3332] Sequential element (\SingleCycleCPUBasys/pcAdd/nextPC_reg[0] ) is unused and will be removed from module showCPU.
WARNING: [Synth 8-3332] Sequential element (\SingleCycleCPUBasys/pc/curPC_reg[0] ) is unused and will be removed from module showCPU.
---------------------------------------------------------------------------------
Finished Technology Mapping : Time (s): cpu = 00:00:29 ; elapsed = 00:00:32 . Memory (MB): peak = 652.563 ; gain = 480.641
---------------------------------------------------------------------------------
Finished Parallel Technology Mapping Optimization  : Time (s): cpu = 00:00:29 ; elapsed = 00:00:32 . Memory (MB): peak = 652.563 ; gain = 480.641

Report RTL Partitions: 
+-+--------------+------------+----------+
| |RTL Partition |Replication |Instances |
+-+--------------+------------+----------+
+-+--------------+------------+----------+
Finished Parallel Synthesis Optimization  : Time (s): cpu = 00:00:29 ; elapsed = 00:00:32 . Memory (MB): peak = 652.563 ; gain = 480.641
---------------------------------------------------------------------------------
Start IO Insertion
---------------------------------------------------------------------------------
---------------------------------------------------------------------------------
Start Flattening Before IO Insertion
---------------------------------------------------------------------------------
---------------------------------------------------------------------------------
Finished Flattening Before IO Insertion
---------------------------------------------------------------------------------
---------------------------------------------------------------------------------
Start Final Netlist Cleanup
---------------------------------------------------------------------------------
---------------------------------------------------------------------------------
Finished Final Netlist Cleanup
---------------------------------------------------------------------------------
---------------------------------------------------------------------------------
Finished IO Insertion : Time (s): cpu = 00:00:30 ; elapsed = 00:00:32 . Memory (MB): peak = 652.563 ; gain = 480.641
---------------------------------------------------------------------------------

Report Check Netlist: 
+------+------------------+-------+---------+-------+------------------+
|      |Item              |Errors |Warnings |Status |Description       |
+------+------------------+-------+---------+-------+------------------+
|1     |multi_driven_nets |      0|        0|Passed |Multi driven nets |
+------+------------------+-------+---------+-------+------------------+
---------------------------------------------------------------------------------
Start Renaming Generated Instances
---------------------------------------------------------------------------------
---------------------------------------------------------------------------------
Finished Renaming Generated Instances : Time (s): cpu = 00:00:30 ; elapsed = 00:00:32 . Memory (MB): peak = 652.563 ; gain = 480.641
---------------------------------------------------------------------------------

Report RTL Partitions: 
+-+--------------+------------+----------+
| |RTL Partition |Replication |Instances |
+-+--------------+------------+----------+
+-+--------------+------------+----------+
---------------------------------------------------------------------------------
Start Rebuilding User Hierarchy
---------------------------------------------------------------------------------
---------------------------------------------------------------------------------
Finished Rebuilding User Hierarchy : Time (s): cpu = 00:00:30 ; elapsed = 00:00:32 . Memory (MB): peak = 652.563 ; gain = 480.641
---------------------------------------------------------------------------------
---------------------------------------------------------------------------------
Start Renaming Generated Ports
---------------------------------------------------------------------------------
---------------------------------------------------------------------------------
Finished Renaming Generated Ports : Time (s): cpu = 00:00:30 ; elapsed = 00:00:32 . Memory (MB): peak = 652.563 ; gain = 480.641
---------------------------------------------------------------------------------
---------------------------------------------------------------------------------
Start Handling Custom Attributes
---------------------------------------------------------------------------------
---------------------------------------------------------------------------------
Finished Handling Custom Attributes : Time (s): cpu = 00:00:30 ; elapsed = 00:00:33 . Memory (MB): peak = 652.563 ; gain = 480.641
---------------------------------------------------------------------------------
---------------------------------------------------------------------------------
Start Renaming Generated Nets
---------------------------------------------------------------------------------
---------------------------------------------------------------------------------
Finished Renaming Generated Nets : Time (s): cpu = 00:00:30 ; elapsed = 00:00:33 . Memory (MB): peak = 652.563 ; gain = 480.641
---------------------------------------------------------------------------------
---------------------------------------------------------------------------------
Start Writing Synthesis Report
---------------------------------------------------------------------------------

Report BlackBoxes: 
+-+--------------+----------+
| |BlackBox name |Instances |
+-+--------------+----------+
+-+--------------+----------+

Report Cell Usage: 
+------+-------+------+
|      |Cell   |Count |
+------+-------+------+
|1     |BUFG   |     3|
|2     |CARRY4 |    22|
|3     |LUT1   |    32|
|4     |LUT2   |    16|
|5     |LUT3   |    95|
|6     |LUT4   |   135|
|7     |LUT5   |   386|
|8     |LUT6   |   634|
|9     |MUXF7  |   131|
|10    |MUXF8  |    62|
|11    |RAM32M |    12|
|12    |FDCE   |    14|
|13    |FDRE   |   280|
|14    |LD     |    43|
|15    |IBUF   |     5|
|16    |OBUF   |    11|
+------+-------+------+

Report Instance Areas: 
+------+----------------------+--------------------+------+
|      |Instance              |Module              |Cells |
+------+----------------------+--------------------+------+
|1     |top                   |                    |  1881|
|2     |  Debounce            |Debounce            |     5|
|3     |  SingleCycleCPUBasys |SingleCycleCPUBasys |  1804|
|4     |    ControlUnit       |ControlUnit         |   248|
|5     |    DataMEM           |DataMEM             |   724|
|6     |    InsMEM            |InsMEM              |   548|
|7     |    RegisterFile      |RegisterFile        |   224|
|8     |    pc                |PC                  |    52|
|9     |    pcAdd             |pcAdd               |     8|
+------+----------------------+--------------------+------+
---------------------------------------------------------------------------------
Finished Writing Synthesis Report : Time (s): cpu = 00:00:30 ; elapsed = 00:00:33 . Memory (MB): peak = 652.563 ; gain = 480.641
---------------------------------------------------------------------------------
Synthesis finished with 0 errors, 0 critical warnings and 99 warnings.
Synthesis Optimization Runtime : Time (s): cpu = 00:00:20 ; elapsed = 00:00:25 . Memory (MB): peak = 652.563 ; gain = 155.676
Synthesis Optimization Complete : Time (s): cpu = 00:00:30 ; elapsed = 00:00:33 . Memory (MB): peak = 652.563 ; gain = 480.641
INFO: [Project 1-571] Translating synthesized netlist
INFO: [Netlist 29-17] Analyzing 82 Unisim elements for replacement
INFO: [Netlist 29-28] Unisim Transformation completed in 0 CPU seconds
INFO: [Project 1-570] Preparing netlist for logic optimization
INFO: [Opt 31-138] Pushed 2 inverter(s) to 263 load pin(s).
INFO: [Project 1-111] Unisim Transformation Summary:
  A total of 55 instances were transformed.
  LD => LDCE: 43 instances
  RAM32M => RAM32M (RAMD32, RAMD32, RAMD32, RAMD32, RAMD32, RAMD32, RAMS32, RAMS32): 12 instances

INFO: [Common 17-83] Releasing license: Synthesis
50 Infos, 102 Warnings, 0 Critical Warnings and 0 Errors encountered.
synth_design completed successfully
synth_design: Time (s): cpu = 00:00:30 ; elapsed = 00:00:31 . Memory (MB): peak = 652.563 ; gain = 447.426
report_utilization: Time (s): cpu = 00:00:00 ; elapsed = 00:00:00.031 . Memory (MB): peak = 652.563 ; gain = 0.000
INFO: [Common 17-206] Exiting Vivado at Fri Dec 13 15:08:32 2019...
